<!DOCTYPE html PUBLIC "-//W3C//DTD XHTML 1.1//EN" "https://www.w3.org/TR/xhtml11/DTD/xhtml11.dtd">
<html xmlns="https://www.w3.org/1999/xhtml">
<head>
<meta http-equiv="content-type" content="text/html; charset=UTF-8"/>
<title>TestNG Report</title>
<style type="text/css">table {margin-bottom:10px;border-collapse:collapse;empty-cells:show}th,td {border:1px solid #009;padding:.25em .5em}th {vertical-align:bottom}td {vertical-align:top}table a {font-weight:bold}.stripe td {background-color: #E6EBF9}.num {text-align:right}.passedodd td {background-color: #3F3}.passedeven td {background-color: #0A0}.skippedodd td {background-color: #DDD}.skippedeven td {background-color: #CCC}.failedodd td,.attn {background-color: #F33}.failedeven td,.stripe .attn {background-color: #D00}.stacktrace {white-space:pre;font-family:monospace}.totop {font-size:85%;text-align:center;border-bottom:2px solid #000}.invisible {display:none}</style>
</head>
<body>
<table>
<tr><th>Test</th><th># Passed</th><th># Skipped</th><th># Retried</th><th># Failed</th><th>Time (ms)</th><th>Included Groups</th><th>Excluded Groups</th></tr>
<tr><th colspan="8">Suite</th></tr>
<tr><td><a href="#t0">Test1</a></td><td class="num">2</td><td class="num">0</td><td class="num">0</td><td class="num">0</td><td class="num">37,060</td><td></td><td></td></tr>
<tr class="stripe"><td><a href="#t1">Test3</a></td><td class="num">1</td><td class="num">0</td><td class="num">0</td><td class="num">0</td><td class="num">45,526</td><td></td><td></td></tr>
<tr><td><a href="#t2">Test2</a></td><td class="num">1</td><td class="num">0</td><td class="num">0</td><td class="num attn">1</td><td class="num">46,256</td><td></td><td></td></tr>
<tr><th>Total</th><th class="num">4</th><th class="num">0</th><th class="num">0</th><th class="num attn">1</th><th class="num">128,842</th><th colspan="2"></th></tr>
</table>
<table id='summary'><thead><tr><th>Class</th><th>Method</th><th>Start</th><th>Time (ms)</th></tr></thead><tbody><tr><th colspan="4">Suite</th></tr></tbody><tbody id="t0"><tr><th colspan="4">Test1 &#8212; passed</th></tr><tr class="passedeven"><td rowspan="2">com.workoutworks.gms.dashboardtest.Working_with_DashboardModuleTest</td><td><a href="#m0">createCategoryAndDeleteTest</a></td><td rowspan="1">1727075826672</td><td rowspan="1">5140</td></tr><tr class="passedeven"><td><a href="#m1">createPackageTypeAndDeletingWithCategoryTest</a></td><td rowspan="1">1727075835820</td><td rowspan="1">7508</td></tr></tbody>
<tbody id="t1"><tr><th colspan="4">Test3 &#8212; passed</th></tr><tr class="passedeven"><td rowspan="1">com.workoutworks.gms.usertest.Working_With_PricingPlanModule</td><td><a href="#m2">bookingPricingPlanWithPackagecreationTest</a></td><td rowspan="1">1727075828482</td><td rowspan="1">24803</td></tr></tbody>
<tbody id="t2"><tr><th colspan="4">Test2 &#8212; failed (configuration methods)</th></tr><tr class="failedeven"><td rowspan="1">com.workoutworks.gms.packagetest.Working_with_PackageModuleTest</td><td><a href="#m3">configAM</a></td><td rowspan="1">1727075854643</td><td rowspan="1">41</td></tr><tr><th colspan="4">Test2 &#8212; failed</th></tr><tr class="failedeven"><td rowspan="1">com.workoutworks.gms.packagetest.Working_with_PackageModuleTest</td><td><a href="#m4">editPackageInManagePageUnderPackageTest</a></td><td rowspan="1">1727075845339</td><td rowspan="1">9298</td></tr><tr><th colspan="4">Test2 &#8212; skipped (configuration methods)</th></tr><tr class="skippedeven"><td rowspan="1">com.workoutworks.gms.packagetest.Working_with_PackageModuleTest</td><td><a href="#m5">configAC</a></td><td rowspan="1">1727075854695</td><td rowspan="1">-1727075854695</td></tr><tr><th colspan="4">Test2 &#8212; passed</th></tr><tr class="passedeven"><td rowspan="1">com.workoutworks.gms.packagetest.Working_with_PackageModuleTest</td><td><a href="#m6">createPackageWithCategoryAndPackageTypeTest</a></td><td rowspan="1">1727075822134</td><td rowspan="1">19428</td></tr></tbody>
</table>
<h2>Test1</h2><h3 id="m0">com.workoutworks.gms.dashboardtest.Working_with_DashboardModuleTest#createCategoryAndDeleteTest</h3><table class="result"><tr><th class="invisible"/></tr></table><p class="totop"><a href="#summary">back to summary</a></p>
<h3 id="m1">com.workoutworks.gms.dashboardtest.Working_with_DashboardModuleTest#createPackageTypeAndDeletingWithCategoryTest</h3><table class="result"><tr><th class="invisible"/></tr></table><p class="totop"><a href="#summary">back to summary</a></p>
<h2>Test3</h2><h3 id="m2">com.workoutworks.gms.usertest.Working_With_PricingPlanModule#bookingPricingPlanWithPackagecreationTest</h3><table class="result"><tr><th class="invisible"/></tr></table><p class="totop"><a href="#summary">back to summary</a></p>
<h2>Test2</h2><h3 id="m3">com.workoutworks.gms.packagetest.Working_with_PackageModuleTest#configAM</h3><table class="result"><tr><th>Exception</th></tr><tr><td><div class="stacktrace">org.openqa.selenium.WebDriverException: Remote browser did not respond to getCurrentUrl
Build info: version: &apos;4.23.0&apos;, revision: &apos;4df0a231af&apos;
System info: os.name: &apos;Windows 11&apos;, os.arch: &apos;amd64&apos;, os.version: &apos;10.0&apos;, java.version: &apos;21.0.2&apos;
Driver info: driver.version: RemoteWebDriver
	at org.openqa.selenium.remote.RemoteWebDriver.getCurrentUrl(RemoteWebDriver.java:316)
	at com.workoutworks.gms.generic.baseclass.BaseClass.configAM(BaseClass.java:72)
	at java.base/java.util.ArrayList.forEach(ArrayList.java:1596)
	at java.base/java.util.concurrent.FutureTask.run(FutureTask.java:317)
	at java.base/java.util.concurrent.ThreadPoolExecutor.runWorker(ThreadPoolExecutor.java:1144)
	at java.base/java.util.concurrent.ThreadPoolExecutor$Worker.run(ThreadPoolExecutor.java:642)
	at java.base/java.lang.Thread.run(Thread.java:1583)
... Removed 21 stack frames</div></td></tr></table><p class="totop"><a href="#summary">back to summary</a></p>
<h3 id="m4">com.workoutworks.gms.packagetest.Working_with_PackageModuleTest#editPackageInManagePageUnderPackageTest</h3><table class="result"><tr><th>Exception</th></tr><tr><td><div class="stacktrace">org.openqa.selenium.NoAlertPresentException: no such alert
  (Session info: MicrosoftEdge=129.0.2792.52)
Build info: version: &apos;4.23.0&apos;, revision: &apos;4df0a231af&apos;
System info: os.name: &apos;Windows 11&apos;, os.arch: &apos;amd64&apos;, os.version: &apos;10.0&apos;, java.version: &apos;21.0.2&apos;
Driver info: org.openqa.selenium.edge.EdgeDriver
Command: [18b54d3c3e020da073f38a9423396b05, getAlertText {}]
Capabilities {acceptInsecureCerts: false, browserName: MicrosoftEdge, browserVersion: 129.0.2792.52, fedcm:accounts: true, ms:edgeOptions: {debuggerAddress: localhost:50497}, msedge: {msedgedriverVersion: 129.0.2792.52 (6462e8fc16ec..., userDataDir: C:\Users\Chetan\AppData\Loc...}, networkConnectionEnabled: false, pageLoadStrategy: normal, platformName: windows, proxy: Proxy(), se:cdp: ws://localhost:50497/devtoo..., se:cdpVersion: 129.0.2792.52, setWindowRect: true, strictFileInteractability: false, timeouts: {implicit: 0, pageLoad: 300000, script: 30000}, unhandledPromptBehavior: dismiss and notify, webauthn:extension:credBlob: true, webauthn:extension:largeBlob: true, webauthn:extension:minPinLength: true, webauthn:extension:prf: true, webauthn:virtualAuthenticators: true}
Session ID: 18b54d3c3e020da073f38a9423396b05
	at org.openqa.selenium.remote.ErrorCodec.decode(ErrorCodec.java:167)
	at org.openqa.selenium.remote.codec.w3c.W3CHttpResponseCodec.decode(W3CHttpResponseCodec.java:138)
	at org.openqa.selenium.remote.codec.w3c.W3CHttpResponseCodec.decode(W3CHttpResponseCodec.java:50)
	at org.openqa.selenium.remote.HttpCommandExecutor.execute(HttpCommandExecutor.java:190)
	at org.openqa.selenium.remote.service.DriverCommandExecutor.invokeExecute(DriverCommandExecutor.java:216)
	at org.openqa.selenium.remote.service.DriverCommandExecutor.execute(DriverCommandExecutor.java:174)
	at org.openqa.selenium.remote.RemoteWebDriver.execute(RemoteWebDriver.java:527)
	at org.openqa.selenium.remote.RemoteWebDriver.execute(RemoteWebDriver.java:600)
	at org.openqa.selenium.remote.RemoteWebDriver.execute(RemoteWebDriver.java:604)
	at org.openqa.selenium.remote.RemoteWebDriver$RemoteTargetLocator.alert(RemoteWebDriver.java:1172)
	at com.workoutworks.gms.generic.webdriverutility.WebdriverUtility.switchToAlertGetTextAccept(WebdriverUtility.java:72)
	at com.workoutworks.gms.packagetest.Working_with_PackageModuleTest.editPackageInManagePageUnderPackageTest(Working_with_PackageModuleTest.java:173)
	at java.base/java.util.ArrayList.forEach(ArrayList.java:1596)
	at java.base/java.util.concurrent.FutureTask.run(FutureTask.java:317)
	at java.base/java.util.concurrent.ThreadPoolExecutor.runWorker(ThreadPoolExecutor.java:1144)
	at java.base/java.util.concurrent.ThreadPoolExecutor$Worker.run(ThreadPoolExecutor.java:642)
	at java.base/java.lang.Thread.run(Thread.java:1583)
... Removed 19 stack frames</div></td></tr></table><p class="totop"><a href="#summary">back to summary</a></p>
<h3 id="m5">com.workoutworks.gms.packagetest.Working_with_PackageModuleTest#configAC</h3><table class="result"><tr><th class="invisible"/></tr></table><p class="totop"><a href="#summary">back to summary</a></p>
<h3 id="m6">com.workoutworks.gms.packagetest.Working_with_PackageModuleTest#createPackageWithCategoryAndPackageTypeTest</h3><table class="result"><tr><th class="invisible"/></tr></table><p class="totop"><a href="#summary">back to summary</a></p>
</body>
</html>
